make all --print-data-base --no-builtin-variables --no-builtin-rules --question
# GNU Make 3.81
# Copyright (C) 2006  Free Software Foundation, Inc.
# This is free software; see the source for copying conditions.
# There is NO warranty; not even for MERCHANTABILITY or FITNESS FOR A
# PARTICULAR PURPOSE.

# This program built for i386-apple-darwin11.3.0

# Make data base, printed on Sat Aug 20 16:30:10 2022

# Variables

# automatic
<D = $(patsubst %/,%,$(dir $<))
# automatic
?F = $(notdir $?)
# makefile (from `Makefile', line 6)
OBJ = $(SRCS:.c=.o)
# environment
VSCODE_LOG_NATIVE = false
# automatic
?D = $(patsubst %/,%,$(dir $?))
# automatic
@D = $(patsubst %/,%,$(dir $@))
# automatic
@F = $(notdir $@)
# makefile
CURDIR := /Users/sel-jala/Desktop/ps
# makefile
SHELL = /bin/sh
# environment
VSCODE_NLS_CONFIG = {"locale":"en-us","availableLanguages":{},"_languagePackSupport":true}
# environment
_ = /usr/bin/make
# makefile (from `Makefile', line 1)
MAKEFILE_LIST :=  Makefile
# environment
VSCODE_VERBOSE_LOGGING = true
# environment
VSCODE_IPC_HOOK_EXTHOST = /var/folders/zz/zyxvpxvq6csfxvn_n000cfmr0033n6/T/vscode-ipc-c4f58286-1c41-48d4-8cdc-7d4b7a929693.sock
# environment
VSCODE_CWD = /
# environment
Apple_PubSub_Socket_Render = /private/tmp/com.apple.launchd.x0hByv4r5Q/Render
# environment
PATH = /usr/local/bin:/usr/bin:/bin:/usr/sbin:/sbin:/usr/local/munki:/Library/Frameworks/Mono.framework/Versions/Current/Commands
# environment
LSCOLORS = Gxfxcxdxbxegedabagacad
# environment
VSCODE_LOG_STACK = false
# environment
ELECTRON_RUN_AS_NODE = 1
# default
.FEATURES := target-specific order-only second-expansion else-if archives jobserver check-symlink
# environment
SSH_AUTH_SOCK = /private/tmp/com.apple.launchd.fTaWzxK4FR/Listeners
# automatic
%F = $(notdir $%)
# environment
VSCODE_PIPE_LOGGING = true
# environment
PWD = /Users/sel-jala/Desktop/ps
# environment
ORIGINAL_XDG_CURRENT_DESKTOP = undefined
# environment
VSCODE_AMD_ENTRYPOINT = vs/workbench/api/node/extensionHostProcess
# environment
HOME = /Users/sel-jala
# default
MAKEFILEPATH = $(shell /usr/bin/xcode-select -print-path 2>/dev/null || echo /Developer)/Makefiles
# environment
VSCODE_CODE_CACHE_PATH = /Users/sel-jala/Library/Application Support/Code/CachedData/57fd6d0195bb9b9d1b49f6da5db789060795de47
# environment
LOGNAME = sel-jala
# environment
APPLICATION_INSIGHTS_NO_DIAGNOSTIC_CHANNEL = 1
# environment
ZSH = /Users/sel-jala/.oh-my-zsh
# environment
VSCODE_HANDLES_UNCAUGHT_ERRORS = true
# automatic
^D = $(patsubst %/,%,$(dir $^))
# environment
XPC_FLAGS = 0x0
# default
MAKE = $(MAKE_COMMAND)
# default
MAKECMDGOALS := all
# makefile (from `Makefile', line 4)
SRCS = argsmanager.c group_handler.c handler.c make_groups.c make_sorting.c operation_a.c operation_b.c operation_ab.c operation_handler.c sort.c tools.c tools2.c tools3.c
# environment
SHLVL = 1
# default
MAKE_VERSION := 3.81
# environment
USER = sel-jala
# makefile
.DEFAULT_GOAL := all
# makefile (from `Makefile', line 7)
INCLUDE = push_swap.h
# makefile (from `Makefile', line 2)
NAME = push_swap.a
# environment
LESS = -R
# automatic
%D = $(patsubst %/,%,$(dir $%))
# default
MAKE_COMMAND := /Library/Developer/CommandLineTools/usr/bin/make
# default
.VARIABLES := 
# environment
TMPDIR = /var/folders/zz/zyxvpxvq6csfxvn_n000cfmr0033n6/T/
# automatic
*F = $(notdir $*)
# environment
VSCODE_IPC_HOOK = /Users/sel-jala/Library/Application Support/Code/1.67.0-main.sock
# makefile
MAKEFLAGS = Rrqp
# environment
MFLAGS = -Rrqp
# automatic
*D = $(patsubst %/,%,$(dir $*))
# makefile (from `Makefile', line 3)
MAIN = push_swap.c
# environment
XPC_SERVICE_NAME = com.microsoft.VSCode.1072
# automatic
+D = $(patsubst %/,%,$(dir $+))
# automatic
+F = $(notdir $+)
# environment
__CF_USER_TEXT_ENCODING = 0x18EA6:0x0:0x0
# default
MAKEFILES := 
# automatic
<F = $(notdir $<)
# environment
PAGER = less
# environment
LC_ALL = C
# automatic
^F = $(notdir $^)
# default
SUFFIXES := 
# default
.INCLUDE_DIRS = /usr/local/include
# environment
MAKELEVEL := 0
# environment
LANG = C
# environment
VSCODE_PID = 61168
# variable set hash-table stats:
# Load=70/1024=7%, Rehash=0, Collisions=7/104=7%

# Pattern-specific Variable Values

# No pattern-specific variable values.

# Directories

# . (device 16777227, inode 1321407): 36 files, no impossibilities.

# 36 files, no impossibilities in 1 directories.

# Implicit Rules

%.o: %.c
#  commands to execute (from `Makefile', line 27):
	gcc $(FLG) -c $< -I $(INCLUDE)
	

# 1 implicit rules, 0 (0.0%) terminal.

# Files

operation_a.o: operation_a.c
#  Implicit rule search has been done.
#  Implicit/static pattern stem: `operation_a'
#  Last modified 2022-08-11 15:43:34
#  File has been updated.
#  Successfully updated.
# variable set hash-table stats:
# Load=0/32=0%, Rehash=0, Collisions=0/0=0%
#  commands to execute (from `Makefile', line 27):
	gcc $(FLG) -c $< -I $(INCLUDE)
	

# Not a target:
argsmanager.c:
#  Implicit rule search has been done.
#  Last modified 2022-08-11 15:32:45
#  File has been updated.
#  Successfully updated.
# variable set hash-table stats:
# Load=0/32=0%, Rehash=0, Collisions=0/0=0%

# Not a target:
push_swap.c:
#  Implicit rule search has been done.
#  Last modified 2022-08-11 15:34:02
#  File has been updated.
#  Successfully updated.
# variable set hash-table stats:
# Load=0/32=0%, Rehash=0, Collisions=0/0=0%

all: push_swap
#  Command-line target.
#  Implicit rule search has been done.
#  File does not exist.
#  File has been updated.
#  Needs to be updated (-q is set).
# variable set hash-table stats:
# Load=0/32=0%, Rehash=0, Collisions=0/4=0%

# Not a target:
handler.c:
#  Implicit rule search has been done.
#  Last modified 2022-08-11 15:33:21
#  File has been updated.
#  Successfully updated.
# variable set hash-table stats:
# Load=0/32=0%, Rehash=0, Collisions=0/0=0%

# Not a target:
push_swap.h:
#  Implicit rule search has been done.
#  Last modified 2022-08-11 15:34:04
#  File has been updated.
#  Successfully updated.
# variable set hash-table stats:
# Load=0/32=0%, Rehash=0, Collisions=0/0=0%

operation_b.o: operation_b.c
#  Implicit rule search has been done.
#  Implicit/static pattern stem: `operation_b'
#  Last modified 2022-08-11 15:43:34
#  File has been updated.
#  Successfully updated.
# variable set hash-table stats:
# Load=0/32=0%, Rehash=0, Collisions=0/0=0%
#  commands to execute (from `Makefile', line 27):
	gcc $(FLG) -c $< -I $(INCLUDE)
	

# Not a target:
.SUFFIXES:
#  Implicit rule search has not been done.
#  Modification time never checked.
#  File has not been updated.

# Not a target:
Makefile:
#  Implicit rule search has been done.
#  Last modified 2022-08-11 15:33:36
#  File has been updated.
#  Successfully updated.
# variable set hash-table stats:
# Load=0/32=0%, Rehash=0, Collisions=0/0=0%

operation_handler.o: operation_handler.c
#  Implicit rule search has been done.
#  Implicit/static pattern stem: `operation_handler'
#  Last modified 2022-08-11 15:43:34
#  File has been updated.
#  Needs to be updated (-q is set).
# automatic
# @ := operation_handler.o
# automatic
# % := 
# automatic
# * := operation_handler
# automatic
# + := operation_handler.c
# automatic
# | := 
# automatic
# < := operation_handler.c
# automatic
# ^ := operation_handler.c
# automatic
# ? := operation_handler.c
# variable set hash-table stats:
# Load=8/32=25%, Rehash=0, Collisions=2/13=15%
#  commands to execute (from `Makefile', line 27):
	gcc $(FLG) -c $< -I $(INCLUDE)
	

# Not a target:
sort.o:
#  Implicit rule search has not been done.
#  Modification time never checked.
#  File has not been updated.

make_sorting.o: make_sorting.c
#  Implicit rule search has been done.
#  Implicit/static pattern stem: `make_sorting'
#  Last modified 2022-08-11 17:20:02
#  File has been updated.
#  Successfully updated.
# variable set hash-table stats:
# Load=0/32=0%, Rehash=0, Collisions=0/0=0%
#  commands to execute (from `Makefile', line 27):
	gcc $(FLG) -c $< -I $(INCLUDE)
	

# Not a target:
operation_a.c:
#  Implicit rule search has been done.
#  Last modified 2022-08-11 15:33:42
#  File has been updated.
#  Successfully updated.
# variable set hash-table stats:
# Load=0/32=0%, Rehash=0, Collisions=0/0=0%

make_groups.o: make_groups.c
 
#  Implicit rule search has been done.
#  Implicit/static pattern stem: `make_groups'
#  Last modified 2022-08-11 16:54:34
#  File has been updated.
#  Successfully updated.
# variable set hash-table stats:
# Load=0/32=0%, Rehash=0, Collisions=0/0=0%
#  commands to execute (from `Makefile', line 27):
	gcc $(FLG) -c $< -I $(INCLUDE)
	

# Not a target:
tools2.o:
#  Implicit rule search has not been done.
#  Modification time never checked.
#  File has not been updated.

operation_ab.o: operation_ab.c
#  Implicit rule search has been done.
#  Implicit/static pattern stem: `operation_ab'
#  Last modified 2022-08-11 15:43:34
#  File has been updated.
#  Successfully updated.
# variable set hash-table stats:
# Load=0/32=0%, Rehash=0, Collisions=0/0=0%
#  commands to execute (from `Makefile', line 27):
	gcc $(FLG) -c $< -I $(INCLUDE)
	

fclean: clean
#  Implicit rule search has not been done.
#  Modification time never checked.
#  File has not been updated.
#  commands to execute (from `Makefile', line 23):
	/bin/rm -f $(NAME)
	

group_handler.o: group_handler.c
#  Implicit rule search has been done.
#  Implicit/static pattern stem: `group_handler'
#  Last modified 2022-08-11 15:43:34
#  File has been updated.
#  Successfully updated.
# variable set hash-table stats:
# Load=0/32=0%, Rehash=0, Collisions=0/0=0%
#  commands to execute (from `Makefile', line 27):
	gcc $(FLG) -c $< -I $(INCLUDE)
	

# Not a target:
operation_b.c:
#  Implicit rule search has been done.
#  Last modified 2022-08-11 15:33:50
#  File has been updated.
#  Successfully updated.
# variable set hash-table stats:
# Load=0/32=0%, Rehash=0, Collisions=0/0=0%

# Not a target:
.DEFAULT:
#  Implicit rule search has not been done.
#  Modification time never checked.
#  File has not been updated.

# Not a target:
operation_handler.c:
#  Implicit rule search has been done.
#  Last modified 2022-08-11 17:29:20
#  File has been updated.
#  Successfully updated.
# variable set hash-table stats:
# Load=0/32=0%, Rehash=0, Collisions=0/0=0%

re: fclean all
#  Implicit rule search has not been done.
#  Modification time never checked.
#  File has not been updated.

clean:
#  Implicit rule search has not been done.
#  Modification time never checked.
#  File has not been updated.
#  commands to execute (from `Makefile', line 20):
	/bin/rm -f $(OBJ)
	

argsmanager.o: argsmanager.c
#  Implicit rule search has been done.
#  Implicit/static pattern stem: `argsmanager'
#  Last modified 2022-08-11 15:43:34
#  File has been updated.
#  Successfully updated.
# variable set hash-table stats:
# Load=0/32=0%, Rehash=0, Collisions=0/0=0%
#  commands to execute (from `Makefile', line 27):
	gcc $(FLG) -c $< -I $(INCLUDE)
	

push_swap: push_swap.c push_swap.h push_swap.a
#  Implicit rule search has not been done.
#  Last modified 2022-08-11 17:20:02
#  File has been updated.
#  Needs to be updated (-q is set).
# variable set hash-table stats:
# Load=0/32=0%, Rehash=0, Collisions=0/4=0%
#  commands to execute (from `Makefile', line 14):
	gcc  $(MAIN) -I $(INCLUDE) $(NAME) -o push_swap
	

# Not a target:
make_sorting.c:
#  Implicit rule search has been done.
#  Last modified 2022-08-11 17:19:58
#  File has been updated.
#  Successfully updated.
# variable set hash-table stats:
# Load=0/32=0%, Rehash=0, Collisions=0/0=0%

# Not a target:
make_groups.c:
#  Implicit rule search has been done.
#  Last modified 2022-08-11 16:53:40
#  File has been updated.
#  Successfully updated.
# variable set hash-table stats:
# Load=0/32=0%, Rehash=0, Collisions=0/0=0%

# Not a target:
operation_ab.c:
#  Implicit rule search has been done.
#  Last modified 2022-08-11 15:33:47
#  File has been updated.
#  Successfully updated.
# variable set hash-table stats:
# Load=0/32=0%, Rehash=0, Collisions=0/0=0%

push_swap.a: argsmanager.o group_handler.o handler.o make_groups.o make_sorting.o operation_a.o operation_b.o operation_ab.o operation_handler.o sort.o tools.o tools2.o tools3.o
#  Implicit rule search has not been done.
#  Last modified 2022-08-11 17:20:02
#  File has been updated.
#  Needs to be updated (-q is set).
# variable set hash-table stats:
# Load=0/32=0%, Rehash=0, Collisions=0/4=0%
#  commands to execute (from `Makefile', line 16):
	ar rcs $(NAME) $(OBJ)
	

handler.o: handler.c
#  Implicit rule search has been done.
#  Implicit/static pattern stem: `handler'
#  Last modified 2022-08-11 15:43:34
#  File has been updated.
#  Successfully updated.
# variable set hash-table stats:
# Load=0/32=0%, Rehash=0, Collisions=0/0=0%
#  commands to execute (from `Makefile', line 27):
	gcc $(FLG) -c $< -I $(INCLUDE)
	

# Not a target:
tools3.o:
#  Implicit rule search has not been done.
#  Modification time never checked.
#  File has not been updated.

# Not a target:
group_handler.c:
#  Implicit rule search has been done.
#  Last modified 2022-08-11 15:33:15
#  File has been updated.
#  Successfully updated.
# variable set hash-table stats:
# Load=0/32=0%, Rehash=0, Collisions=0/0=0%

# Not a target:
tools.o:
#  Implicit rule search has not been done.
#  Modification time never checked.
#  File has not been updated.

# files hash-table stats:
# Load=33/1024=3%, Rehash=0, Collisions=1/93=1%
# VPATH Search Paths

# No `vpath' search paths.

# No general (`VPATH' variable) search path.

# # of strings in strcache: 1
# # of strcache buffers: 1
# strcache size: total = 4096 / max = 4096 / min = 4096 / avg = 4096
# strcache free: total = 4087 / max = 4087 / min = 4087 / avg = 4087

# Finished Make data base on Sat Aug 20 16:30:10 2022

 
